0 info it worked if it ends with ok
1 verbose cli [ 'c:\\Program Files\\nodejs\\node.exe',
1 verbose cli   'c:\\Users\\Patrick\\AppData\\Roaming\\npm\\node_modules\\npm\\bin\\npm-cli.js',
1 verbose cli   'install',
1 verbose cli   '-g',
1 verbose cli   'yo' ]
2 info using npm@2.1.18
3 info using node@v0.10.35
4 silly cache add args [ 'yo', null ]
5 verbose cache add spec yo
6 silly cache add parsed spec { raw: 'yo',
6 silly cache add   scope: null,
6 silly cache add   name: 'yo',
6 silly cache add   rawSpec: '',
6 silly cache add   spec: '*',
6 silly cache add   type: 'range' }
7 verbose addNamed yo@*
8 silly addNamed semver.valid null
9 silly addNamed semver.validRange *
10 silly addNameRange { name: 'yo', range: '*', hasData: false }
11 silly mapToRegistry name yo
12 silly mapToRegistry using default registry
13 silly mapToRegistry registry https://registry.npmjs.org/
14 silly mapToRegistry uri https://registry.npmjs.org/yo
15 verbose addNameRange registry:https://registry.npmjs.org/yo not in flight; fetching
16 verbose request uri https://registry.npmjs.org/yo
17 verbose request no auth needed
18 info attempt registry request try #1 at 21:42:17
19 verbose request id d0aa7ae5cafeb7c0
20 verbose etag "60DZLE9FF89I1AH8H4IMBTWQZ"
21 http request GET https://registry.npmjs.org/yo
22 http 304 https://registry.npmjs.org/yo
23 silly get cb [ 304,
23 silly get   { date: 'Fri, 09 Jan 2015 21:42:18 GMT',
23 silly get     server: 'Apache',
23 silly get     via: '1.1 varnish',
23 silly get     'last-modified': 'Fri, 09 Jan 2015 21:42:19 GMT',
23 silly get     'cache-control': 'max-age=60',
23 silly get     etag: '"60DZLE9FF89I1AH8H4IMBTWQZ"',
23 silly get     age: '0',
23 silly get     'x-served-by': 'cache-ams4141-AMS',
23 silly get     'x-cache': 'MISS',
23 silly get     'x-cache-hits': '0',
23 silly get     'x-timer': 'S1420839738.705551,VS0,VE570',
23 silly get     vary: 'Accept',
23 silly get     'content-length': '0',
23 silly get     'keep-alive': 'timeout=10, max=50',
23 silly get     connection: 'Keep-Alive' } ]
24 verbose etag https://registry.npmjs.org/yo from cache
25 silly addNameRange number 2 { name: 'yo', range: '*', hasData: true }
26 silly addNameRange versions [ 'yo',
26 silly addNameRange   [ '1.0.0-beta.1',
26 silly addNameRange     '1.0.0-beta.2',
26 silly addNameRange     '1.0.0-beta.3',
26 silly addNameRange     '1.0.0-beta.4',
26 silly addNameRange     '1.0.0-beta.5',
26 silly addNameRange     '1.0.0-beta.6',
26 silly addNameRange     '1.0.0-beta.7',
26 silly addNameRange     '1.0.0-rc.1',
26 silly addNameRange     '1.0.0-rc.1.1',
26 silly addNameRange     '1.0.0-rc.1.2',
26 silly addNameRange     '1.0.0-rc.1.3',
26 silly addNameRange     '1.0.0-rc.1.4',
26 silly addNameRange     '1.0.0',
26 silly addNameRange     '1.0.1',
26 silly addNameRange     '1.0.2',
26 silly addNameRange     '1.0.3',
26 silly addNameRange     '1.0.4',
26 silly addNameRange     '1.0.5',
26 silly addNameRange     '1.0.6',
26 silly addNameRange     '1.0.7-pre.1',
26 silly addNameRange     '1.0.7-pre.2',
26 silly addNameRange     '1.0.7-pre.3',
26 silly addNameRange     '1.1.0',
26 silly addNameRange     '1.1.1',
26 silly addNameRange     '1.1.2',
26 silly addNameRange     '1.2.0',
26 silly addNameRange     '1.2.1',
26 silly addNameRange     '1.3.0',
26 silly addNameRange     '1.3.2',
26 silly addNameRange     '1.3.3',
26 silly addNameRange     '1.4.1' ] ]
27 verbose addNamed yo@1.4.1
28 silly addNamed semver.valid 1.4.1
29 silly addNamed semver.validRange 1.4.1
30 silly mapToRegistry name yo
31 silly mapToRegistry using default registry
32 silly mapToRegistry registry https://registry.npmjs.org/
33 silly mapToRegistry uri https://registry.npmjs.org/yo
34 verbose addRemoteTarball https://registry.npmjs.org/yo/-/yo-1.4.1.tgz not in flight; adding
35 verbose addRemoteTarball [ 'https://registry.npmjs.org/yo/-/yo-1.4.1.tgz',
35 verbose addRemoteTarball   'a30e4073233cffada8327b914bde2875854010f5' ]
36 info retry fetch attempt 1 at 21:42:18
37 info attempt registry request try #1 at 21:42:18
38 http fetch GET https://registry.npmjs.org/yo/-/yo-1.4.1.tgz
39 http fetch 200 https://registry.npmjs.org/yo/-/yo-1.4.1.tgz
40 silly fetchAndShaCheck shasum a30e4073233cffada8327b914bde2875854010f5
41 verbose addTmpTarball C:\Users\Patrick\AppData\Local\Temp\npm-2036-c68b6829\registry.npmjs.org\yo\-\yo-1.4.1.tgz not in flight; adding
42 verbose addTmpTarball already have metadata; skipping unpack for yo@1.4.1
43 silly cache afterAdd yo@1.4.1
44 verbose afterAdd C:\Users\Patrick\AppData\Roaming\npm-cache\yo\1.4.1\package\package.json not in flight; writing
45 verbose afterAdd C:\Users\Patrick\AppData\Roaming\npm-cache\yo\1.4.1\package\package.json written
46 silly install resolved [ { name: 'yo',
46 silly install resolved     version: '1.4.1',
46 silly install resolved     description: 'CLI tool for running Yeoman generators',
46 silly install resolved     license: 'BSD',
46 silly install resolved     bin: { yo: 'lib/cli.js' },
46 silly install resolved     author: { name: 'Yeoman team' },
46 silly install resolved     repository: { type: 'git', url: 'https://github.com/yeoman/yo' },
46 silly install resolved     engines: { node: '>=0.10.0', npm: '>=2.1.0' },
46 silly install resolved     scripts:
46 silly install resolved      { test: 'jshint . && mocha test/**/*.js',
46 silly install resolved        postinstall: 'yodoctor',
46 silly install resolved        postupdate: 'yodoctor',
46 silly install resolved        prepublish: 'nsp audit-package' },
46 silly install resolved     files: [ 'lib' ],
46 silly install resolved     keywords:
46 silly install resolved      [ 'cli-app',
46 silly install resolved        'cli',
46 silly install resolved        'bin',
46 silly install resolved        'front-end',
46 silly install resolved        'development',
46 silly install resolved        'dev',
46 silly install resolved        'build',
46 silly install resolved        'web',
46 silly install resolved        'tool',
46 silly install resolved        'scaffold',
46 silly install resolved        'stack',
46 silly install resolved        'yeoman',
46 silly install resolved        'generator',
46 silly install resolved        'generate',
46 silly install resolved        'app',
46 silly install resolved        'boilerplate' ],
46 silly install resolved     dependencies:
46 silly install resolved      { 'array-uniq': '^1.0.2',
46 silly install resolved        async: '^0.9.0',
46 silly install resolved        chalk: '^0.5.1',
46 silly install resolved        configstore: '^0.3.1',
46 silly install resolved        'cross-spawn': '^0.2.3',
46 silly install resolved        'custom-error': '^0.2.0',
46 silly install resolved        figures: '^1.3.5',
46 silly install resolved        findup: '^0.1.5',
46 silly install resolved        fullname: '^1.0.0',
46 silly install resolved        inquirer: '^0.8.0',
46 silly install resolved        insight: '^0.4.3',
46 silly install resolved        lodash: '^2.4.1',
46 silly install resolved        meow: '^2.0.0',
46 silly install resolved        opn: '^1.0.0',
46 silly install resolved        request: '^2.48.0',
46 silly install resolved        'root-check': '^1.0.0',
46 silly install resolved        shelljs: '^0.3.0',
46 silly install resolved        'sort-on': '^1.0.0',
46 silly install resolved        'string-length': '^1.0.0',
46 silly install resolved        'underscore.string': '^2.3.3',
46 silly install resolved        'update-notifier': '^0.2.2',
46 silly install resolved        'user-home': '^1.1.0',
46 silly install resolved        'yeoman-character': '^1.0.0',
46 silly install resolved        'yeoman-doctor': '^1.0.0',
46 silly install resolved        'yeoman-environment': '^1.0.1',
46 silly install resolved        yosay: '^1.0.0' },
46 silly install resolved     devDependencies:
46 silly install resolved      { jshint: '^2.5.11',
46 silly install resolved        mocha: '^2.1.0',
46 silly install resolved        mockery: '^1.4.0',
46 silly install resolved        nock: '^0.55.0',
46 silly install resolved        nsp: '*',
46 silly install resolved        proxyquire: '^1.0.1',
46 silly install resolved        sinon: '^1.12.1' },
46 silly install resolved     engineStrict: true,
46 silly install resolved     preferGlobal: true,
46 silly install resolved     gitHead: '928192d9c5c6b2903ebcf8c1d10e83598a4b5e8a',
46 silly install resolved     bugs: { url: 'https://github.com/yeoman/yo/issues' },
46 silly install resolved     homepage: 'https://github.com/yeoman/yo',
46 silly install resolved     _id: 'yo@1.4.1',
46 silly install resolved     _shasum: 'a30e4073233cffada8327b914bde2875854010f5',
46 silly install resolved     _from: 'yo@*',
46 silly install resolved     _npmVersion: '2.1.17',
46 silly install resolved     _nodeVersion: '0.10.32',
46 silly install resolved     _npmUser: { name: 'sboudrias', email: 'admin@simonboudrias.com' },
46 silly install resolved     maintainers: [ [Object], [Object], [Object], [Object], [Object], [Object] ],
46 silly install resolved     dist:
46 silly install resolved      { shasum: 'a30e4073233cffada8327b914bde2875854010f5',
46 silly install resolved        tarball: 'http://registry.npmjs.org/yo/-/yo-1.4.1.tgz' },
46 silly install resolved     directories: {},
46 silly install resolved     _resolved: 'https://registry.npmjs.org/yo/-/yo-1.4.1.tgz' } ]
47 info install yo@1.4.1 into c:\Program Files\nodejs
48 info installOne yo@1.4.1
49 verbose installOne of yo to c:\Program Files\nodejs not in flight; installing
50 verbose lock using C:\Users\Patrick\AppData\Roaming\npm-cache\_locks\yo-a0cce84cbeda1c31.lock for c:\Program Files\nodejs\node_modules\yo
51 silly install write writing yo 1.4.1 to c:\Program Files\nodejs\node_modules\yo
52 silly cache addNamed cb yo@1.4.1
53 verbose unbuild node_modules\yo
54 verbose gentlyRm vacuuming c:\Program Files\nodejs\node_modules\yo
55 verbose tar unpack C:\Users\Patrick\AppData\Roaming\npm-cache\yo\1.4.1\package.tgz
56 verbose tar unpacking to c:\Program Files\nodejs\node_modules\yo
57 verbose gentlyRm vacuuming c:\Program Files\nodejs\node_modules\yo
58 silly gunzTarPerm modes [ '777', '666' ]
59 error tar.unpack untar error C:\Users\Patrick\AppData\Roaming\npm-cache\yo\1.4.1\package.tgz
60 verbose unlock done using C:\Users\Patrick\AppData\Roaming\npm-cache\_locks\yo-a0cce84cbeda1c31.lock for c:\Program Files\nodejs\node_modules\yo
61 verbose fstream_path c:\Program Files\nodejs\node_modules\yo
62 verbose fstream_type Directory
63 verbose fstream_class DirWriter
64 verbose stack Error: EPERM, mkdir 'c:\Program Files\nodejs\node_modules\yo'
65 verbose fstream_stack c:\Users\Patrick\AppData\Roaming\npm\node_modules\npm\node_modules\fstream\lib\dir-writer.js:36:23
65 verbose fstream_stack c:\Users\Patrick\AppData\Roaming\npm\node_modules\npm\node_modules\mkdirp\index.js:46:53
65 verbose fstream_stack Object.oncomplete (fs.js:108:15)
66 verbose cwd d:\Offline\patrickgrey\clients\2015\paulClelland\pg-clients-2015-paul-clelland
67 error Windows_NT 6.2.9200
68 error argv "c:\\Program Files\\nodejs\\node.exe" "c:\\Users\\Patrick\\AppData\\Roaming\\npm\\node_modules\\npm\\bin\\npm-cli.js" "install" "-g" "yo"
69 error node v0.10.35
70 error npm  v2.1.18
71 error path c:\Program Files\nodejs\node_modules\yo
72 error code EPERM
73 error errno 50
74 error Error: EPERM, mkdir 'c:\Program Files\nodejs\node_modules\yo'
74 error  { [Error: EPERM, mkdir 'c:\Program Files\nodejs\node_modules\yo']
74 error   errno: 50,
74 error   code: 'EPERM',
74 error   path: 'c:\\Program Files\\nodejs\\node_modules\\yo',
74 error   fstream_type: 'Directory',
74 error   fstream_path: 'c:\\Program Files\\nodejs\\node_modules\\yo',
74 error   fstream_class: 'DirWriter',
74 error   fstream_stack:
74 error    [ 'c:\\Users\\Patrick\\AppData\\Roaming\\npm\\node_modules\\npm\\node_modules\\fstream\\lib\\dir-writer.js:36:23',
74 error      'c:\\Users\\Patrick\\AppData\\Roaming\\npm\\node_modules\\npm\\node_modules\\mkdirp\\index.js:46:53',
74 error      'Object.oncomplete (fs.js:108:15)' ] }
75 error Please try running this command again as root/Administrator.
76 verbose exit [ 50, true ]
77 verbose unbuild node_modules\yo
78 verbose gentlyRm vacuuming c:\Program Files\nodejs\node_modules\yo
